commit ee861c6669227674d859e4803d6975b11049bfff
Author: Mitchell Minkoff <mminkoff@cs.utexas.edu>
Date:   Thu Mar 23 19:15:00 2017 -0500

    travis yml

commit 80f87fd44e551165371f264bc20f73d583ed7eed
Author: Mitchell Minkoff <mminkoff@cs.utexas.edu>
Date:   Thu Mar 23 19:11:48 2017 -0500

    models.html

commit de156d9cabcbf8faadaa5525dbc2caba85e17f55
Author: mminkoff1 <ripmit@gmail.com>
Date:   Thu Mar 23 19:00:58 2017 -0500

    makefile

commit aa4163173c3bef3cf96827b2b80474a4d2530e65
Author: Alexander You <alexyou8021@gmail.com>
Date:   Thu Mar 23 18:56:26 2017 -0500

    changed repo control

commit a736a84841c54a9b5462b5ac2da372ff73b9753a
Author: Alexander You <alexyou8021@gmail.com>
Date:   Thu Mar 23 18:38:17 2017 -0500

    added personal issue counts

commit 555932ccabb578282c0b0948b8f766c808bac7b6
Author: Alexander You <alexyou8021@gmail.com>
Date:   Thu Mar 23 18:33:53 2017 -0500

    updated commit and issue numbers

commit c33a6f7e476a7b30251dab1593a9461b615eb5de
Author: Alexander You <alexyou8021@gmail.com>
Date:   Thu Mar 23 18:32:11 2017 -0500

    added scraping info

commit f8c0a7d6019410aa588df46d520a64209c98262d
Merge: cbb203e 5b4a3a7
Author: Alexander You <alexyou8021@gmail.com>
Date:   Thu Mar 23 18:22:20 2017 -0500

    Merge branch 'master' of https://github.com/x1mrdonut1x/cs373-idb

commit cbb203eda5e0e8fa905edc2fbbdfed4d41c3a64c
Author: Alexander You <alexyou8021@gmail.com>
Date:   Thu Mar 23 18:22:07 2017 -0500

    new photos

commit 5b4a3a781921a2441b640d1ef96443ff79e81c11
Author: sean-carrillo19 <sean.carrillo@utexas.edu>
Date:   Thu Mar 23 18:21:12 2017 -0500

    Add files via upload

commit 0113056f6b357d6136c9e01b5b9ab408d785b126
Merge: 5211722 d8f07b3
Author: Alexander You <alexyou8021@gmail.com>
Date:   Thu Mar 23 18:17:25 2017 -0500

    Merge branch 'master' of https://github.com/x1mrdonut1x/cs373-idb

commit 521172231849819c692fe38fdbcc95308e339c4c
Author: Alexander You <alexyou8021@gmail.com>
Date:   Thu Mar 23 18:17:23 2017 -0500

    edited about

commit d8f07b3580b1b8330794ea9b9c76978e7f77debf
Merge: 2663606 3b02754
Author: mminkoff1 <ripmit@gmail.com>
Date:   Thu Mar 23 18:16:15 2017 -0500

    Merge branch 'master' of https://github.com/x1mrdonut1x/cs373-idb

commit 2663606f3762ecc4ba2da633fa74dbe513b4035f
Author: mminkoff1 <ripmit@gmail.com>
Date:   Thu Mar 23 18:15:57 2017 -0500

    website almost done, pics are better and other pages work now

commit 3b027548f8e461426a96a4643b1b6a128f23769e
Author: sean-carrillo19 <sean.carrillo@utexas.edu>
Date:   Thu Mar 23 17:49:52 2017 -0500

    Updated Sean's Bio

commit b4bfbc08f524fe7361a6da83f26534ed3ce04729
Author: mminkoff1 <mitchellminkoff@utexas.edu>
Date:   Thu Mar 23 17:36:46 2017 -0500

    Add files via upload

commit 29580cfea42cd3b9288f8f78b07f6987c4c098cc
Author: mminkoff1 <mitchellminkoff@utexas.edu>
Date:   Thu Mar 23 17:35:39 2017 -0500

    Add files via upload

commit 8a80eace57aee156ce7cf42b11c9782f085b6d9b
Author: mminkoff1 <mitchellminkoff@utexas.edu>
Date:   Thu Mar 23 17:33:44 2017 -0500

    Add files via upload

commit 54534c33eca8475cbaf30998e25fc1d43231ea7e
Merge: cd17f76 95f1d98
Author: mminkoff1 <ripmit@gmail.com>
Date:   Thu Mar 23 16:55:38 2017 -0500

    fixin merges

commit 95f1d981964fe1e00951fae52f298abb4637fd8d
Merge: 647d920 2b4f497
Author: jfajay <jeff_fajay@utexas.edu>
Date:   Thu Mar 23 16:47:08 2017 -0500

    Merge pull request #26 from x1mrdonut1x/hardcode-queries
    
    Finished hardcoding in queries and added in sorting functionality

commit 2b4f4976aa085cea2665e024274264fa071f24b7
Author: jfajay <jeff_fajay@utexas.edu>
Date:   Thu Mar 23 16:43:55 2017 -0500

    Dealing with merge for videogamelookup.js

commit cd17f76b00098babb3ea9e7257d2da08d7f108d3
Merge: c2e9506 28cd7ef
Author: mminkoff1 <ripmit@gmail.com>
Date:   Thu Mar 23 16:39:49 2017 -0500

    Merge branch 'master' of https://github.com/x1mrdonut1x/cs373-idb

commit c2e9506d6874825aa6677a8b4618f2d1f99ae15e
Merge: 41b7727 1a4671e
Author: mminkoff1 <ripmit@gmail.com>
Date:   Thu Mar 23 16:39:47 2017 -0500

    more files

commit 28cd7ef7662cf2fd08b79ac4e6a06410600c8709
Author: sean-carrillo19 <sean.carrillo@hotmail.com>
Date:   Thu Mar 23 16:38:19 2017 -0500

    Updated Columns/Attributes in Apiary

commit 41b77271df8f4bec1163f22faf85965b0a7daad5
Author: mminkoff1 <ripmit@gmail.com>
Date:   Thu Mar 23 16:37:52 2017 -0500

    changed files

commit 7cf7b08d521f32352469dd9dd0fe44efd8b348be
Author: jfajay <jeff_fajay@utexas.edu>
Date:   Thu Mar 23 16:34:49 2017 -0500

    Finished hardcoding in queries and added in sorting functionality

commit 1a4671e79f2f1f92a4e778dee067436d92dee5c7
Author: sean-carrillo19 <sean.carrillo@hotmail.com>
Date:   Thu Mar 23 16:03:10 2017 -0500

    Fixed minor spelling mistakes

commit fe27c1920d398f8b50c7e7f7f145245ab3b2ace2
Author: Alexander You <alexyou8021@gmail.com>
Date:   Thu Mar 23 16:00:05 2017 -0500

    make all links clickable

commit 3c34b696251f0ecbdb67e7daea2fbb8da2cc5773
Merge: 958c16a 24c1df1
Author: Alexander You <alexyou8021@gmail.com>
Date:   Thu Mar 23 15:44:20 2017 -0500

    Merge branch 'master' of https://github.com/x1mrdonut1x/cs373-idb

commit 958c16a5faabc006cc5f7a78414115b71585e23d
Merge: 5223b87 daf776e
Author: Alexander You <alexyou8021@gmail.com>
Date:   Thu Mar 23 15:42:57 2017 -0500

    Merge branch 'master' into query-pages

commit 5223b871a29c9be21729fd373ef91acb9a61c462
Author: Alexander You <alexyou8021@gmail.com>
Date:   Thu Mar 23 15:42:17 2017 -0500

    added tools, statistics, data

commit 15a31768dceae6cbc118ef058efc9bb272a4a575
Author: Alexander You <alexyou8021@gmail.com>
Date:   Thu Mar 23 14:56:26 2017 -0500

    added tests into test cases

commit 515778bd0504c6444db45d0cd72da052a66cdb81
Author: Alexander You <alexyou8021@gmail.com>
Date:   Thu Mar 23 14:35:18 2017 -0500

    add unit tests

commit 5118af89e587333637c7af1c0ac121009ac75241
Author: mminkoff1 <ripmit@gmail.com>
Date:   Thu Mar 23 14:21:31 2017 -0500

    rid of slideshow

commit 0c1595c2adc714820ff4d2834bf9d39826f7db56
Merge: 64c3509 24c1df1
Author: mminkoff1 <ripmit@gmail.com>
Date:   Thu Mar 23 14:16:41 2017 -0500

    Merge branch 'master' of https://github.com/x1mrdonut1x/cs373-idb

commit 64c3509993e1dec841768162c2747025bfbb9b73
Author: mminkoff1 <ripmit@gmail.com>
Date:   Thu Mar 23 14:16:39 2017 -0500

    trying to fix bug

commit fe7a3f0c24226bd69998440026d01fa95937e145
Author: Alexander You <alexyou8021@gmail.com>
Date:   Thu Mar 23 14:14:55 2017 -0500

    centered links

commit 24c1df187138ecc7bc0eec82989ea3ccc816c52b
Author: Alex <alex@niznik.info>
Date:   Thu Mar 23 14:14:55 2017 -0500

    Update app.yaml

commit 2c7af3f3ddf80c939b228215d23622c266f88ddc
Merge: daf776e 787392e
Author: Alex <alex@niznik.info>
Date:   Thu Mar 23 14:13:38 2017 -0500

    Merge pull request #19 from x1mrdonut1x/db
    
    added lib

commit 787392e055c889fee62687caf7eba7ab1ad987fd
Merge: 5e60361 daf776e
Author:  <alex@niznik.info>
Date:   Thu Mar 23 14:12:02 2017 -0600

    Merge branch 'master' of https://github.com/x1mrdonut1x/cs373-idb into db

commit 5e60361e8f6cd90a29f934aa4e86eff65cb13610
Merge: 633843e 6fc1e2e
Author:  <alex@niznik.info>
Date:   Thu Mar 23 14:07:51 2017 -0600

    Merge branch 'db' of https://github.com/x1mrdonut1x/cs373-idb into db

commit 633843eb9b328a56defeb1a2a34d8036fe15b67b
Author:  <alex@niznik.info>
Date:   Thu Mar 23 14:04:05 2017 -0600

    added libs

commit 5fdb080bd033b8df8301b9b1159479f8a9a21508
Author: jfajay <jeff_fajay@utexas.edu>
Date:   Thu Mar 23 14:10:19 2017 -0500

    Added links but working on centering them

commit daf776e487d009e602de9119aa73f3b2286cdb1b
Author: Alexander You <alexyou8021@gmail.com>
Date:   Thu Mar 23 13:54:59 2017 -0500

    added multiplicity to UML

commit eedfd87edb68e246477dd444a8dc1b5977173e9a
Merge: 62e4748 87fbf02
Author: mminkoff1 <ripmit@gmail.com>
Date:   Thu Mar 23 13:52:47 2017 -0500

    Merge branch 'master' of https://github.com/x1mrdonut1x/cs373-idb

commit 62e4748e335a7f44dc77c2aab14ab3322e975ee1
Author: mminkoff1 <ripmit@gmail.com>
Date:   Thu Mar 23 13:52:45 2017 -0500

    fixed x button and fadeout

commit 87fbf02b1aff2a5794cecd4e4b14480c354be4ef
Merge: 9e3eb28 6fc1e2e
Author: Alex <alex@niznik.info>
Date:   Thu Mar 23 13:43:24 2017 -0500

    Merge pull request #18 from x1mrdonut1x/db
    
    added libraries to handle

commit 6fc1e2e388227eff456f33d1cd924ad1dbd65512
Author: Alex Niznik <aniznik@cs.utexas.edu>
Date:   Thu Mar 23 13:42:36 2017 -0500

    added libraries to handle

commit 89ce7632c431c0ed67df6b593ea0daad3afddd4c
Author: Alexander You <alexyou8021@gmail.com>
Date:   Thu Mar 23 13:37:46 2017 -0500

    added pictures and descriptions to genres

commit 9e3eb28a895189c534a0029164a98791b4fe59a8
Merge: 736dd5a 3058e9f
Author: Alex <alex@niznik.info>
Date:   Thu Mar 23 13:23:32 2017 -0500

    Merge pull request #17 from x1mrdonut1x/db
    
    added lib

commit 3058e9fa46d31bf0a14335cd71b24593349950f1
Author: Alex Niznik <aniznik@cs.utexas.edu>
Date:   Thu Mar 23 13:22:58 2017 -0500

    added lib

commit 04257e240fa5f7c849574b5b00f3ac2ddf5c920b
Author: Alexander You <alexyou8021@gmail.com>
Date:   Thu Mar 23 13:21:45 2017 -0500

    added descriptions

commit a18f489984799dc7ebd5137203a5ebfce1b7013b
Author: Alexander You <alexyou8021@gmail.com>
Date:   Thu Mar 23 12:57:02 2017 -0500

    added 2 more for each pillar; still need genre pictures

commit 736dd5a0b9576c90f10484b62378c3d51986039d
Author: mminkoff1 <ripmit@gmail.com>
Date:   Thu Mar 23 12:24:08 2017 -0500

    Almost finished splash

commit 3517ea605ce4101917166eeec8a88e99e385c532
Author: jfajay <jeff_fajay@utexas.edu>
Date:   Thu Mar 23 12:10:18 2017 -0500

    Added links to each static lookup for Witcher

commit f50bded99b2768e11f5652ef30bb42cef02bd171
Author: jfajay <jeff_fajay@utexas.edu>
Date:   Thu Mar 23 11:28:56 2017 -0500

    Added in template for game clickthru

commit 647d920dca01ad10b16872516af7caf5f6133c48
Merge: 37f0f00 0380a2c
Author: mminkoff1 <ripmit@gmail.com>
Date:   Thu Mar 23 10:36:26 2017 -0500

    merge change

commit 37f0f00960a6559f04fa92cc95ece4bbd7de6b46
Author: mminkoff1 <ripmit@gmail.com>
Date:   Thu Mar 23 10:35:05 2017 -0500

    changed css

commit 0380a2c5406d6a767ca545778c46a6fc88f918f8
Author: Alex Niznik <aniznik@cs.utexas.edu>
Date:   Thu Mar 23 10:32:53 2017 -0500

    added lib

commit 7c50c7c3fa6bd25599b0f9486d2553754242f29c
Author: Alexander You <alexyou8021@gmail.com>
Date:   Wed Mar 22 23:31:20 2017 -0500

    real UML file

commit 0ef33e54a6d1abc7f79f66cfe32f1de643c02def
Author: Alexander You <alexyou8021@gmail.com>
Date:   Wed Mar 22 23:24:21 2017 -0500

    added Alex You info and picture

commit d3ed7af48ba490b57313d30b4c4c7b4369784fc7
Author: sean-carrillo19 <sean.carrillo@hotmail.com>
Date:   Wed Mar 22 22:51:59 2017 -0500

    Updated API Description file

commit 39995823d266d4db7eea0171fec9126e9e1ee462
Author: mminkoff1 <ripmit@gmail.com>
Date:   Wed Mar 22 22:46:31 2017 -0500

    Fixed mario bugs

commit 332fbc3af0eecfff6a082c35cd5cff0fda213268
Author: mminkoff1 <ripmit@gmail.com>
Date:   Wed Mar 22 20:26:35 2017 -0500

    Background change

commit e723d9eca003965db8a6a76d3d06b3e83dab83d1
Author: mminkoff1 <mitchellminkoff@utexas.edu>
Date:   Wed Mar 22 18:58:19 2017 -0500

    Add files via upload

commit 563e642eb598a4e1019cb6edb4ae9fdf20cc621c
Author:  <alex@niznik.info>
Date:   Wed Mar 22 18:12:52 2017 -0600

    added .gitignore

commit 3180c55bc3547c8f1f40dd346e660ee004c5fc3f
Author:  <alex@niznik.info>
Date:   Wed Mar 22 18:05:59 2017 -0600

    added libraries

commit 3020ee8e5ee747cbe9e62013d3b3dd0fb8c43879
Merge: f8a37d9 eadd429
Author: mminkoff1 <ripmit@gmail.com>
Date:   Wed Mar 22 17:46:48 2017 -0500

    Merge branch 'master' of https://github.com/x1mrdonut1x/cs373-idb

commit f8a37d9d4f9e7f8fdc797d353b02075645c1c18a
Author: mminkoff1 <ripmit@gmail.com>
Date:   Wed Mar 22 17:46:46 2017 -0500

    Gif in the middle now

commit eadd4291bc8f1e92b9796ec30ddd2cbbff34c751
Merge: deb98b0 f54d2ab
Author: jfajay <jeff_fajay@utexas.edu>
Date:   Wed Mar 22 17:35:05 2017 -0500

    Merge pull request #16 from x1mrdonut1x/tables
    
    Tables

commit f54d2abc19ae609a6802c9c29e5e1c7a2b610560
Author: jfajay <jeff_fajay@utexas.edu>
Date:   Wed Mar 22 17:34:29 2017 -0500

    Fixed merge conflicts

commit 7a2619e2579c9365fed229f627c0f337f597695d
Author: jfajay <jeff_fajay@utexas.edu>
Date:   Wed Mar 22 17:23:11 2017 -0500

    Jeff Fajay bio uploaded

commit 42e7fcb7625800d5dfad00a47d0e28afbce7a5c8
Author: jfajay <jeff_fajay@utexas.edu>
Date:   Wed Mar 22 17:14:46 2017 -0500

    Added dummy padding to align about.html

commit 3bb4df50568302f503df23f56519b647f8702d27
Author: jfajay <jeff_fajay@utexas.edu>
Date:   Wed Mar 22 16:55:41 2017 -0500

    Added basic format of about.html

commit b367e945564ea1a244f208569a50bf95197fd09b
Merge: d2dc4cf deb98b0
Author: mminkoff1 <ripmit@gmail.com>
Date:   Wed Mar 22 16:40:42 2017 -0500

    Merge branch 'master' of https://github.com/x1mrdonut1x/cs373-idb

commit d2dc4cfb5cc1577dba9de0cf5f1462cf9a3780f8
Author: mminkoff1 <ripmit@gmail.com>
Date:   Wed Mar 22 16:40:36 2017 -0500

    New search bar

commit deb98b0a2feb88d280928c1dc8054a1a58b2f597
Author: mminkoff1 <mitchellminkoff@utexas.edu>
Date:   Wed Mar 22 16:36:01 2017 -0500

    Add files via upload

commit 025b73fe9ef3179c6be6b908fddf39bb608e210f
Merge: 99a488e acdd1b6
Author: Alex <alex@niznik.info>
Date:   Wed Mar 22 15:58:05 2017 -0500

    Merge pull request #15 from x1mrdonut1x/db
    
    db connected to view

commit acdd1b67d8d8e88c42ccf77c157442eb8d039cba
Author: Alex Niznik <aniznik@cs.utexas.edu>
Date:   Wed Mar 22 15:56:55 2017 -0500

    db connected to view

commit 9158893eddb5e719deea098f000b559e0277e89d
Author: jfajay <jeff_fajay@utexas.edu>
Date:   Wed Mar 22 15:49:26 2017 -0500

    Added tables to all query pages

commit 99a488efc9446229bd9612b7485b012955594101
Merge: 2f28cc8 cbda231
Author: jfajay <jeff_fajay@utexas.edu>
Date:   Wed Mar 22 15:27:18 2017 -0500

    Merge pull request #14 from x1mrdonut1x/tables
    
    Added tables

commit cbda2317c88ca2e70289866be27ab7c3e3a40033
Author: jfajay <jeff_fajay@utexas.edu>
Date:   Wed Mar 22 15:25:23 2017 -0500

    Added tables

commit 2f28cc84c7e72026ee652186cecf003771e6741b
Author: mminkoff1 <ripmit@gmail.com>
Date:   Wed Mar 22 15:18:58 2017 -0500

    Modal added

commit 653e6f8b88ad3c3ddaa520a4203dc2f0ab4e5430
Merge: cd01aa1 24e3e1d
Author: Alex <alex@niznik.info>
Date:   Wed Mar 22 15:07:52 2017 -0500

    Merge pull request #13 from x1mrdonut1x/db
    
    Added DB connection

commit 24e3e1dab1b7833f0c110253111a2c97fd14ee7d
Merge: 39e7ab0 cd01aa1
Author: Alex <alex@niznik.info>
Date:   Wed Mar 22 15:03:43 2017 -0500

    Merge pull request #12 from x1mrdonut1x/master
    
    search  bar

commit 39e7ab089adb5c5f45aa1ba59ee1cd3a5dc25aa5
Author: Alex Niznik <aniznik@cs.utexas.edu>
Date:   Wed Mar 22 14:54:31 2017 -0500

    Populated db

commit cd01aa108b2f67bd164e001137788bcf2a7cd5a7
Author: mminkoff1 <ripmit@gmail.com>
Date:   Wed Mar 22 14:41:16 2017 -0500

    search  bar

commit 5c4aff5e2dc68770e3dbdcbcff84dccdf71e31aa
Author: Alex Niznik <aniznik@cs.utexas.edu>
Date:   Wed Mar 22 14:36:30 2017 -0500

    db now hooked up to /games

commit 3a52db8dea965d37342442e1634e597026468818
Author: Alex Niznik <aniznik@cs.utexas.edu>
Date:   Wed Mar 22 14:10:53 2017 -0500

    added local db

commit 981cf646240bab8f9f4b80fdb1c40ba257a276ba
Author: mminkoff1 <mitchellminkoff@utexas.edu>
Date:   Wed Mar 22 13:12:37 2017 -0500

    Add files via upload

commit 9f4a7349da2e7b247c13b2bb84267e75ef40efef
Author: mminkoff1 <mitchellminkoff@utexas.edu>
Date:   Wed Mar 22 13:12:25 2017 -0500

    Delete bioshock.jpg

commit ec3d417c6d2a0da3d4067338bb291ef720b00c9c
Author: Alex <aniznik@utexas.edu>
Date:   Wed Mar 22 13:09:19 2017 -0500

    Transferring API Description file from Apiary.io

commit ece06dd7cccd6039327ec61c5b49b9753790b675
Merge: 10b5a23 69781ac
Author: mminkoff1 <ripmit@gmail.com>
Date:   Wed Mar 22 10:42:14 2017 -0500

    Merge branch 'master' of https://github.com/x1mrdonut1x/cs373-idb

commit 69781acb70f124e1d2c8847bc79da3d45ac2976b
Author: Alex Niznik <alex@niznik.info>
Date:   Wed Mar 22 10:27:40 2017 -0600

    Changed href links

commit 10b5a23a4902b950853c0071580abe8daa7f4e1e
Author: mminkoff1 <ripmit@gmail.com>
Date:   Wed Mar 22 10:42:10 2017 -0500

    Second carousel picture

commit bd2a39652e2f13b7df5db0961d40801e14e7fe6e
Author: mminkoff1 <mitchellminkoff@utexas.edu>
Date:   Tue Mar 21 22:09:40 2017 -0500

    Add files via upload

commit 097e21ea4ac4e9addac9764490baca903ad51faa
Author: mminkoff1 <ripmit@gmail.com>
Date:   Tue Mar 21 22:09:09 2017 -0500

    added carousel pic

commit 30ebad7b59a821bce0e83c6a1a207c30e91d1837
Author: mminkoff1 <mitchellminkoff@utexas.edu>
Date:   Tue Mar 21 20:38:58 2017 -0500

    Add files via upload

commit df306d117cb634d2658bbbfe56661db37976ecf1
Author: mminkoff1 <ripmit@gmail.com>
Date:   Tue Mar 21 20:37:57 2017 -0500

    images

commit 8c04a1fcd84d9716adb225bbf672beb33fe458ff
Merge: fc39e38 a89f48f
Author: mminkoff1 <ripmit@gmail.com>
Date:   Tue Mar 21 20:35:53 2017 -0500

    Merge branch 'master' of https://github.com/x1mrdonut1x/cs373-idb

commit fc39e383fc93327aca76dc5232f35f9a175b63b4
Author: mminkoff1 <ripmit@gmail.com>
Date:   Tue Mar 21 20:35:30 2017 -0500

    added images folder

commit a89f48f5dbbeaeff1020e7b6b04c7cfa43b1b24b
Author: Alexander You <alexyou8021@gmail.com>
Date:   Tue Mar 21 19:44:21 2017 -0500

    added UML

commit b51c7f532687bdb550b263aa016684a726f372ea
Author: jfajay <jeff_fajay@utexas.edu>
Date:   Tue Mar 21 18:52:28 2017 -0500

    Changed splash.html to root

commit d7e1679cf737c0efea2dc513480720b110396348
Author: mminkoff1 <ripmit@gmail.com>
Date:   Tue Mar 21 18:46:09 2017 -0500

    hello

commit 3f6d97fbd6aa275b1f9f6280d0d1d38c8a4fd97c
Author: jfajay <jeff_fajay@utexas.edu>
Date:   Tue Mar 21 18:29:16 2017 -0500

    about.html updated

commit 766b76ce2270fe4190fcc6ee7f3add65139f14f5
Author: jfajay <jeff_fajay@utexas.edu>
Date:   Tue Mar 21 17:57:11 2017 -0500

    Split html into individual pages for navigation

commit 92cdf3807c67cb1d3365f84500877db236c9b506
Author: Alex Niznik <aniznik@cs.utexas.edu>
Date:   Tue Mar 21 17:11:21 2017 -0500

    Restructured project

commit 453edd0c6b6f3bbeecdeed2a8488dfd561f153b9
Author: Jeff Fajay <jeff_fajay@utexas.edu>
Date:   Mon Mar 20 20:43:11 2017 -0500

    Created makefile and venv

commit 4571b03c8a27b05594a7af5daf88b621fefd83f7
Author: jfajay <jeff_fajay@utexas.edu>
Date:   Mon Mar 20 20:16:00 2017 -0500

    Added list of our models and attributes

commit 3e2b5c5824be1ef8be66e0207c33b7f3079e8186
Author: jfajay <jeff_fajay@utexas.edu>
Date:   Mon Mar 20 19:56:14 2017 -0500

    Initial commit with simple bootstrap setup

commit 58e2371b2506bf523398fa1102b6d7f9ce065a74
Author: mminkoff1 <mitchellminkoff@utexas.edu>
Date:   Mon Mar 20 19:10:42 2017 -0500

    Initial commit
